======================
location : {
               lat : -12.7576593,
               lng : 135.2993862
           
name : East Arnhem Shire
======================
location : {
               lat : -18.4070294,
               lng : 14.8454619
           
name : Omusati Region
location : {
               lat : -18.433333,
               lng : 14.916667
           
name : Olumelengwa
======================
location : {
               lat : -9.9755805,
               lng : -55.1777747
           
name : Novo Mundo
location : {
               lat : -9.9755912,
               lng : -55.1778612
           
name : Novo Mundo
======================
location : {
               lat : 19.8002388,
               lng : -87.47711210000001
           name : Punta Allen
           location : {
               lat : 20.0316666,
               lng : -87.47777769999999
           name : Boca Paila
======================
location : {
               lat : -16.4479995,
               lng : 16.3463791
           
name : Cuanhama
location : {
               lat : -16.866667,
               lng : 16.633333
           
name : Ediva do Muandi
======================location : {
               lat : 61.0917012,
               lng : 14.6663653
           name : Dalarna County
           location : {
               lat : 60.9688386,
               lng : 13.1171101
           name : Malung NV
======================location : {
               lat : -51.724911,
               lng : -61.29965180000001
           name : New Island
           location : {
               lat : -51.8531113,
               lng : -61.25317009999999
           name : Beaver
======================
location : {
               lat : 53.789722,
               lng : 95.49194399999999
           
name : Malinovka
\r\n======================\r\nlocation : {
               lat : -36.3499498,
               lng : 140.5135589
           name : District Council of Tatiara
           location : {
               lat : -36.3111739,
               lng : 140.7716407
           name : Bordertown
======================
location : {
               lat : 45.7469466,
               lng : 91.0867701
           
name : Bulgan
location : {
               lat : 45.419693,
               lng : 90.680919
           
name : Beitashan Pasture Muye No.3 Team
\r======================
location : {
               lat : 16.0567117,
               lng : 49.0059852
           name : Tarim
           location : {
               lat : 16.0768329,
               lng : 49.1448952
           name : Einat
======================
location : {
               lat : 39.5564495,
               lng : -114.524264
           
name : White Pine County
location : {
               lat : 40.0366039,
               lng : -113.9852805
           
name : Ibapah
======================
location : {
               lat : 56.6889485,
               lng : -105.404472
           name : Division No. 18
======================
location : {
               lat : -12.9349881,
               lng : -74.2493192
           
name : Huanta Province
location : {
               lat : -12.7388243,
               lng : -74.3866039
           
name : Churcampa District
======================
location : {
               lat : 50.5819797,
               lng : -102.6769159
           name : Cowessess No. 73
location : {
               lat : 50.1435671,
               lng : -101.6668282
           name : Moosomin
======================
location : {
               lat : 38.925875,
               lng : 100.449818
           
name : Zhangye
location : {
               lat : 38.929763,
               lng : 100.478058
           
name : Ganzhou District
======================
location : {
               lat : 34.4380625,
               lng : 35.8308233
           name : North Governorate
location : {
               lat : 34.4345947,
               lng : 35.8361633
           name : Tripoli
======================
location : {
               lat : 68.9610826,
               lng : 33.0712855
           
name : Gorod Murmansk
location : {
               lat : 68.97331129999999,
               lng : 33.0855848
           
name : Murmansk
======================
location : {
               lat : 65.69455599999999,
               lng : 82.52561300000001
           
name : Krasnosel'kup
======================
location : {
               lat : 9.966666999999999,
               lng : 25.85
           name : Lebissi
           location : {
               lat : 9.785573999999999,
               lng : 26.044279
           name : Umm Begago`n
======================
location : {
               lat : -2.4516589,
               lng : -72.66981129999999
           
name : San Antonio del Estrecho
location : {
               lat : -2.4516589,
               lng : -72.66981129999999
           
name : C.p el Estrecho
======================
location : {
               lat : 48.0987106,
               lng : -77.7967676
           name : Val-d'Or
           location : {
               lat : 48.5650196,
               lng : -78.1125205
           name : Amos

======================

location : {
               lat : 2.4949448,
               lng : -50.9481853
           
name : Cal??oene

location : {
               lat : 2.307765,
               lng : -51.63243
           
name : Louren??o

======================
location : {
               lat : 53.90140599999999,
               lng : 85.187963
           name : Zarinskiy Rayon
location : {
               lat : 53.462097,
               lng : 85.909836
           name : Togul

======================
location : {
               lat : 53.20105700000001,
               lng : -70.86829999999999
           name : Dover
location : {
               lat : 53.1947741,
               lng : -70.91071409999999
           name : Nitchequon

======================
location : {
               lat : 54.2939746,
               lng : 129.4037634
           name : Zeysky District
location : {
               lat : 53.960667,
               lng : 129.141785
           name : Ogoron

======================
location : {
               lat : 20.4492289,
               lng : 41.929569
           name : Jarab
location : {
               lat : 20.5514157,
               lng : 42.1375086
           name : Al Uferiah

======================
location : {
               lat : 46.554859,
               lng : 17.5866732
           name : Somogy County
location : {
               lat : 47.18602620000001,
               lng : 18.4221358
           name : Sz??kesfeh??rv??r

======================
location : {
               lat : 47.8423282,
               lng : -83.40261079999999
           name : Chapleau
location : {
               lat : 47.724903,
               lng : -83.204483
           name : Nemegos

======================
location : {
               lat : -28.849649,
               lng : 121.989098
           name : Murnong
location : {
               lat : -28.6256573,
               lng : 122.4013434
           name : Laverton

======================
location : {
               lat : 52.4168465,
               lng : 102.9864725
           name : Usolsky District
location : {
               lat : 53.043865,
               lng : 102.3717798
           name : Golumet'

======================
location : {
               lat : -20.582562,
               lng : 130.350004
           name : The Granites
location : {
               lat : -20.5437839,
               lng : 130.3337058
           name : Tanami

======================
location : {
               lat : 24.8105797,
               lng : 42.7076107
           name : Dariyah
location : {
               lat : 24.721915,
               lng : 42.9319657
           name : Dariyah

======================
location : {
               lat : 70.384109,
               lng : 67.29972099999999
           name : Mordyyakha
location : {
               lat : 69.713448,
               lng : 66.838776
           name : Morrasale

======================
location : {
               lat : -27.85285,
               lng : 139.621201
           name : Kanowana

======================
location : {
               lat : -18.6457616,
               lng : -48.1979986
           name : Araguari
location : {
               lat : -18.6458648,
               lng : -48.1979912
           name : Araguari

======================
location : {
               lat : 33.1792764,
               lng : 63.7695384
           name : Pur Chaman
location : {
               lat : 32.906849,
               lng : 63.39431
           name : Gur Zanak

======================
location : {
               lat : 40.5504833,
               lng : -114.872257
           name : Sprucemont
location : {
               lat : 40.7279868,
               lng : -115.4784204
           name : Lamoille

======================
location : {
               lat : 41.343933,
               lng : 86.261321
           name : Yuli County
location : {
               lat : 41.56142,
               lng : 87.056541
           name : Ege Zitage

======================
location : {
               lat : 7.488241899999999,
               lng : -59.6564494
           name : Barima-Waini
location : {
               lat : 8.2041293,
               lng : -59.7775773
           name : Mabaruma

======================
location : {
               lat : 43.5912356,
               lng : 3.2583626
           name : H??rault
location : {
               lat : 43.184277,
               lng : 3.003078
           name : Narbonne

======================
location : {
               lat : -14.448888,
               lng : 135.2327621
           name : Wilton

======================
location : {
               lat : 8.2042363,
               lng : 33.5280072
           name : Gambella Zone 3
location : {
               lat : 8.332212,
               lng : 33.7710906
           name : Gunjang

======================
location : {
               lat : -28.5301758,
               lng : -62.3565156
           name : General Taboada Department
location : {
               lat : -28.4605787,
               lng : -62.8343649
           name : A??atuya

======================
location : {
               lat : 29.1043813,
               lng : 53.045893
           name : Fars Province
location : {
               lat : 28.5177435,
               lng : 53.5743866
           name : Jahrom

======================
location : {
               lat : 43.6642649,
               lng : -7.594534800000001
           name : Viveiro
location : {
               lat : 43.6831622,
               lng : -7.8521653
           name : Ortigueira

======================
location : {
               lat : 12.8718422,
               lng : 38.8205454
           name : Wag Hemra
location : {
               lat : 12.9127911,
               lng : 38.8169781
           name : Welezi

======================
location : {
               lat : 36.569278,
               lng : 64.64462999999999
           name : Aman Bai

======================
location : {
               lat : -35.1162185,
               lng : 117.8597987
           name : Green Islands
location : {
               lat : -35.0556553,
               lng : 117.8514627
           name : Torndirrup

======================
location : {
               lat : 24.449286,
               lng : 109.378623
           name : Shatangzhen
location : {
               lat : 24.96967699999999,
               lng : 109.46297
           name : Alley

======================
location : {
               lat : -3.7762628,
               lng : 14.8454619
           name : Pool
location : {
               lat : -3.7435502,
               lng : 14.5262026
           name : Kindamba

======================
location : {
               lat : 47.2121625,
               lng : -102.72602
           name : Dunn County
location : {
               lat : 46.8791756,
               lng : -102.7896242
           name : Dickinson

======================
location : {
               lat : -31.495761,
               lng : 145.8388597
           name : Cobar
location : {
               lat : -31.6930706,
               lng : 145.493781
           name : Sandy Creek

======================
location : {
               lat : 45.1522504,
               lng : 59.3320447
           name : Kantubek
location : {
               lat : 45.1363315,
               lng : 59.3109036
           name : Ryabchiy Poselok

======================
location : {
               lat : -7.8233262,
               lng : -64.7786098
           name : Caititu
location : {
               lat : -7.808975999999998,
               lng : -65.097717
           name : Jur??cia

======================
location : {
               lat : 58.7517042,
               lng : -76.3761169
           name : Baie-d'Hudson
location : {
               lat : 58.86666700000001,
               lng : -76.68333299999999
           name : Nunainnaq

======================
location : {
               lat : 16.4330013,
               lng : -95.0182657
           name : Juchit??n de Zaragoza
location : {
               lat : 16.1842839,
               lng : -95.20876249999999
           name : Salina Cruz

======================
location : {
               lat : 63.92200099999999,
               lng : 127.469507
           name : Sangar
location : {
               lat : 63.93833300000001,
               lng : 127.020278
           name : Kalvitsa

======================
location : {
               lat : 55.88333299999999,
               lng : -64.75
           name : Kaaitukupitak
location : {
               lat : 56.05,
               lng : -64.733333
           name : Kamitshetshistatshuna

======================
location : {
               lat : 13.6343413,
               lng : 46.0563212
           name : Abyan Governorate
location : {
               lat : 13.932401,
               lng : 46.0801697
           name : M??diyah

======================
location : {
               lat : -3.1184685,
               lng : -40.8303823
           name : Granja
location : {
               lat : -2.9008418,
               lng : -40.84209999999999
           name : Camocim

======================
location : {
               lat : 27.138723,
               lng : 55.1375834
           name : Hormozgan Province
location : {
               lat : 26.9500841,
               lng : 55.58572239999999
           name : Bandar Khamir

======================
location : {
               lat : 34.8544227,
               lng : 128.433182
           name : Tongyeong-si
location : {
               lat : 34.2027806,
               lng : 129.2875205
           name : Tsushima

======================

location : {
               lat : 50.3754565,
               lng : -4.1426565
           
name : Plymouth

location : {
               lat : 51.0781599,
               lng : -4.058338
           
name : Barnstaple

======================

location : {
               lat : 43.1189978,
               lng : -124.408448
           
name : Bandon

location : {
               lat : 42.7456644,
               lng : -124.4973267
           
name : Port Orford

======================
location : {
               lat : -3.685582000000001,
               lng : -47.050129
           name : P??o de Ouro
location : {
               lat : -3.626076000000001,
               lng : -47.02887
           name : Bacabal

======================
location : {
               lat : -33.6186125,
               lng : 123.8609023
           name : Israelite Bay
location : {
               lat : -33.7049081,
               lng : 123.4499743
           name : Cape Arid

======================
location : {
               lat : 66.285614,
               lng : 36.847721
           name : Kuzomen
location : {
               lat : 66.266667,
               lng : 36.94999999999999
           name : Ust'ye Varzugi

======================
location : {
               lat : 24.7821253,
               lng : 92.8577105
           name : Cachar
location : {
               lat : 24.8332708,
               lng : 92.7789054
           name : Silchar

======================
location : {
               lat : 17.6474239,
               lng : -101.5455504
           name : Zihuatanejo de Azueta
location : {
               lat : 17.6416693,
               lng : -101.5516955
           name : Zihuatanejo

======================
location : {
               lat : 28.7069373,
               lng : -80.72782839999999
           name : Dummit Grove
location : {
               lat : 28.6433283,
               lng : -80.69643959999999
           name : Wilson

======================
location : {
               lat : 7.434126,
               lng : 13.92437
           name : Nganha
location : {
               lat : 8.035550599999999,
               lng : 13.8411901
           name : Bandjoukri

======================
location : {
               lat : 56.5845216,
               lng : -130.0464936
           name : Kitimat-Stikine
location : {
               lat : 55.94131239999999,
               lng : -129.9878921
           name : Stewart

======================

location : {
               lat : 59.312973,
               lng : 106.348389
           
name : Ika

======================
location : {
               lat : 55.2959833,
               lng : 28.7583626
           name : Vitebsk Region
location : {
               lat : 55.1926809,
               lng : 30.206359
           name : Viciebsk

======================
location : {
               lat : 41.1242989,
               lng : 64.6214281
           name : Kanimekh District
location : {
               lat : 40.7411851,
               lng : 65.1417682
           name : Kyzylkuduk

======================
location : {
               lat : -6.7250166,
               lng : 13.7289167
           name : Tomboco
location : {
               lat : -7.035801999999999,
               lng : 14.30733
           name : Bembe

======================
location : {
               lat : 0.01811,
               lng : -71.00257999999999
           name : Lerida
location : {
               lat : 0.05442,
               lng : -71.22292999999999
           name : Pacoa

======================
location : {
               lat : -18.3918222,
               lng : 139.041312
           name : Burke Shire

======================
location : {
               lat : 40.450451,
               lng : 55.855801
           name : Koymat
location : {
               lat : 40.6186048,
               lng : 55.4661031
           name : Gyzylgaya

======================
location : {
               lat : 20.8698522,
               lng : 86.8609285
           name : Bansada
location : {
               lat : 20.7953311,
               lng : 86.8966588
           name : Dhamara

======================
location : {
               lat : 55.8679695,
               lng : -92.0946883
           name : Shamattawa 1

======================
location : {
               lat : 64.8329974,
               lng : -164.2566019
           name : Nome
location : {
               lat : 64.6813889,
               lng : -163.4055556
           name : White Mountain

======================
location : {
               lat : -4.6497952,
               lng : 30.5279096
           name : Kigoma Region
location : {
               lat : -4.9983058,
               lng : 30.0029572
           name : Kazuramimba

======================
location : {
               lat : 55.6166728,
               lng : 24.3142283
           name : Panev????ys District Municipality
location : {
               lat : 55.7347915,
               lng : 24.3574773
           name : Panev????ys

======================

location : {
               lat : 34.2154913,
               lng : -77.88245959999999
           
name : New Hanover County

location : {
               lat : 34.3675936,
               lng : -77.71054819999999
           
name : Hampstead

======================
location : {
               lat : 69.0655927,
               lng : -124.5962892
           name : Inuvialuit Lands

======================
location : {
               lat : 50.8589713,
               lng : 39.8644375
           name : Voronezh Oblast
location : {
               lat : 50.1964518,
               lng : 39.5799725
           name : Rossosh

======================
location : {
               lat : 4.353693199999999,
               lng : -53.7369154
           name : Arrondissement of St.-Laurent-du-Maroni
location : {
               lat : 4.9841025,
               lng : -53.99767749999999
           name : Saint-Laurent-du-Maroni

======================
location : {
               lat : -22.3531369,
               lng : 16.1286901
           name : Otjimbingwe
location : {
               lat : -22.516667,
               lng : 15.85
           name : Tsaobis

======================
location : {
               lat : 51.253775,
               lng : -85.3232139
           name : Ontario

======================
location : {
               lat : 65.84436669999999,
               lng : -153.4302993
           name : Yukon-Koyukuk
location : {
               lat : 66.5655556,
               lng : -152.6455556
           name : Allakaket

======================
location : {
               lat : -14.5349258,
               lng : -75.18524699999999
           name : Palpa Province
location : {
               lat : -15.2609564,
               lng : -75.22860609999999
           name : San Nicol??s

======================
location : {
               lat : 23.4595265,
               lng : 87.6186379
           name : Bardhaman
location : {
               lat : 23.8160705,
               lng : 87.79846529999999
           name : Labpur

======================
location : {
               lat : 38.1066372,
               lng : 40.5426896
           name : Diyarbak??r
location : {
               lat : 37.9249733,
               lng : 40.2109826
           name : Diyarbak??r

======================
location : {
               lat : -3.8116173,
               lng : 39.7961562
           name : Kikambala
location : {
               lat : -3.2191864,
               lng : 40.1168906
           name : Malindi

======================
location : {
               lat : 56.9924812,
               lng : -118.9976094
           name : Clear Hills County
location : {
               lat : 56.5079229,
               lng : -119.1341003
           name : Worsley

======================
location : {
               lat : 10.6188998,
               lng : -73.37086959999999
           name : Valledupar
location : {
               lat : 10.4742449,
               lng : -73.2436335
           name : Valledupar

======================
location : {
               lat : 41.5224188,
               lng : 75.89986739999999
           name : Naryn District
location : {
               lat : 42.0301273,
               lng : 74.9822461
           name : Kyzart

======================
location : {
               lat : 55.8263889,
               lng : -133.6027778
           name : Port Alice
location : {
               lat : 55.8736111,
               lng : -133.1847222
           name : Naukati Bay

======================
location : {
               lat : 54.7877149,
               lng : -6.4923145
           name : Northern Ireland
location : {
               lat : 54.59728500000001,
               lng : -5.93012
           name : Belfast

======================
location : {
               lat : -5.4259146,
               lng : -71.1923805
           name : Tabatinga
location : {
               lat : -4.866850100000001,
               lng : -70.9088478
           name : Marubus

======================
location : {
               lat : 59.9,
               lng : -73.6333329
           name : Tuttusivik

======================
location : {
               lat : -17.5469447,
               lng : 135.6913065
           name : Creswell

======================
location : {
               lat : 52.905,
               lng : 138.855833
           name : Udinsk
location : {
               lat : 52.979444,
               lng : 138.836944
           name : Kherpuchi

======================
location : {
               lat : 31.5707433,
               lng : -105.5943388
           name : Hudspeth County

======================
location : {
               lat : 24.5455638,
               lng : 27.1735316
           name : New Valley Governorate

======================
location : {
               lat : 29.116667,
               lng : 59.8
           name : Afzalabad
location : {
               lat : 28.8817606,
               lng : 59.31047689999999
           name : Dehnow-e Chahdegan

======================
location : {
               lat : 65.68890379999999,
               lng : 40.1813628
           name : Nizhnyaya Zolotitsa
location : {
               lat : 65.4812792,
               lng : 39.7193018
           name : Mys Zimnegorskiy

======================
location : {
               lat : 49.663632,
               lng : 87.4719341
           name : Kosh-Agachsky District
location : {
               lat : 50.232778,
               lng : 87.930556
           name : Kuray

======================
location : {
               lat : -14.8821885,
               lng : -70.5905977
           name : Melgar Province
location : {
               lat : -14.9164287,
               lng : -70.196185
           name : Azangaro

======================
location : {
               lat : 59.57682889999999,
               lng : 34.78289669999999
           name : Boksitogorsky District
location : {
               lat : 59.39300729999999,
               lng : 35.9303207
           name : Babayevo

======================
location : {
               lat : 44.0074384,
               lng : 107.0796323
           name : Manlai
location : {
               lat : 44.0814971,
               lng : 106.8710204
           name : Manlai

======================
location : {
               lat : -4.8102326,
               lng : -76.5372625
           name : San Lorenzo
location : {
               lat : -4.9218175,
               lng : -76.3977304
           name : Puerto Industrial

======================
location : {
               lat : -30.7525347,
               lng : 149.2879977
           name : Pilliga Scrub
location : {
               lat : -30.954253,
               lng : 148.3884139
           name : Coonamble

======================
location : {
               lat : 27.529131,
               lng : 95.6457951
           name : Tinsukia
location : {
               lat : 27.4885539,
               lng : 95.35575799999999
           name : Tinsukia

======================
location : {
               lat : 61.96416669999999,
               lng : -160.2319444
           name : Paimiut
location : {
               lat : 61.53793659999999,
               lng : -160.311567
           name : Upper Kalskag

======================
location : {
               lat : -19.4914108,
               lng : 132.5509603
           name : Northern Territory

======================
location : {
               lat : 21.161908,
               lng : -86.85152789999999
           name : Canc??n
location : {
               lat : 21.1347621,
               lng : -86.7461357
           name : Hotel Zone

======================
location : {
               lat : 27.6799994,
               lng : -105.1713145
           name : Camargo
location : {
               lat : 26.9317835,
               lng : -105.6666166
           name : Parral

======================
location : {
               lat : -17.7905964,
               lng : 34.9506625
           name : Caia
location : {
               lat : -17.4431158,
               lng : 35.0732265
           name : Mutarara

======================
location : {
               lat : -0.5581252999999999,
               lng : -67.33721779999999
           name : M??dio Rio Negro I
location : {
               lat : -0.1307918,
               lng : -67.08773739999999
           name : S??o Gabriel da Cachoeira

======================
location : {
               lat : 22.786186,
               lng : 115.375158
           name : Shanwei
location : {
               lat : 22.789101,
               lng : 114.456539
           name : Huiyang District

======================
location : {
               lat : 14.1461121,
               lng : -89.5120084
           name : Santa Ana Department
location : {
               lat : 14.5596188,
               lng : -89.34005859999999
           name : Esquipulas

======================
location : {
               lat : 8.5079704,
               lng : 28.2058768
           name : Gogrial
location : {
               lat : 8.5323992,
               lng : 28.0991001
           name : Gogrial

======================
location : {
               lat : -25.4584079,
               lng : -49.533696
           name : Campo Largo
location : {
               lat : -25.4583391,
               lng : -49.5337149
           name : Campo Largo

======================
location : {
               lat : 34.3649897,
               lng : -80.0087746
           name : Darlington County

======================
location : {
               lat : 38.228417,
               lng : 81.682997
           name : Sailai Kewu Yinengta
location : {
               lat : 38.192707,
               lng : 81.660487
           name : Jiezi Keyi Hankumu

======================
location : {
               lat : 16.2569214,
               lng : 43.9436788
           name : 'Amran Governorate
location : {
               lat : 15.9910504,
               lng : 43.9579823
           name : Khamer

======================
location : {
               lat : -4.3447113,
               lng : -63.9025956
           name : Barro Alto

======================
location : {
               lat : 33.9789491,
               lng : 8.046518499999999
           name : Tozeur
location : {
               lat : 33.918534,
               lng : 8.1229329
           name : Tozeur

======================
location : {
               lat : -20.5161209,
               lng : 137.310806
           name : Burramurra
location : {
               lat : -21.1519849,
               lng : 136.9980085
           name : Costello

======================
location : {
               lat : 50.64941,
               lng : -68.752037
           name : Manicouagan
location : {
               lat : 50.63333300000001,
               lng : -68.833333
           name : Les Sept-Lacs

======================
location : {
               lat : -6.4599549,
               lng : -37.0937225
           name : Caic??
location : {
               lat : -6.379333899999999,
               lng : -37.3504615
           name : Jardim de Piranhas

======================
location : {
               lat : 50.4698108,
               lng : 76.8198728
           name : Ayryk
location : {
               lat : 50.1522493,
               lng : 76.6610342
           name : Aktasty

======================
location : {
               lat : 14.2203806,
               lng : 27.9366164
           name : Umm Badr
location : {
               lat : 14.6328595,
               lng : 27.9776173
           name : ???????? ??????????

======================
location : {
               lat : 39.0626354,
               lng : 40.7696095
           name : Bing??l
location : {
               lat : 38.885464,
               lng : 40.496625
           name : Bing??l

======================

location : {
               lat : 27.2135373,
               lng : -107.9156318
           
name : Urique Municipality

location : {
               lat : 27.3941742,
               lng : -108.5358841
           
name : Ch??nipas de Almada

======================
location : {
               lat : 28.4632627,
               lng : 36.954107
           name : Tabouk
location : {
               lat : 28.3835079,
               lng : 36.5661908
           name : Tabuk

======================
location : {
               lat : 22.3071588,
               lng : 73.1812187
           name : Vadodara
location : {
               lat : 22.5645175,
               lng : 72.928871
           name : Anand

======================
location : {
               lat : 66.637726,
               lng : 46.493362
           name : Oma
location : {
               lat : 66.7516629,
               lng : 47.76236
           name : Nizhnyaya Pesha

======================
location : {
               lat : -11.4228531,
               lng : -58.7571778
           name : Ju??na
location : {
               lat : -11.4228527,
               lng : -58.7571771
           name : Ju??na

======================
location : {
               lat : -21.267936,
               lng : 143.807662
           name : Stamford
location : {
               lat : -21.2669498,
               lng : 143.8098158
           name : Stamford

======================
location : {
               lat : 66.89833329999999,
               lng : -162.5966666
           name : Kotzebue
location : {
               lat : 66.0755556,
               lng : -162.7172222
           name : Deering

======================
location : {
               lat : 71.9164493,
               lng : 93.7152397
           name : Taymyrsky Dolgano-Nenetsky District
location : {
               lat : 71.1172732,
               lng : 92.821094
           name : Ust'-Avam

======================
location : {
               lat : 52.0500832,
               lng : -106.2357
           name : Blucher No. 343
location : {
               lat : 51.6745142,
               lng : -105.4683377
           name : Watrous

======================
location : {
               lat : -15.9765395,
               lng : 48.558749
           name : Mandritsara District
location : {
               lat : -16.6015,
               lng : 48.22085999999999
           name : Miarinarivo

======================
location : {
               lat : 13.9821294,
               lng : -86.49965460000001
           name : El Para??so Department
location : {
               lat : 14.0410953,
               lng : -86.5703554
           name : Danli

======================
location : {
               lat : 0.5693591,
               lng : -71.1923805
           name : Amazon Natural Region
location : {
               lat : 0.01811,
               lng : -71.00257999999999
           name : Lerida

======================
location : {
               lat : -20.981787,
               lng : 118.4863963
           name : Town of Port Hedland
location : {
               lat : -20.9317135,
               lng : 118.4699355
           name : Indee

======================
location : {
               lat : 52.0592293,
               lng : 58.2008343
           name : Khaybullinsky District
location : {
               lat : 51.968277,
               lng : 58.16809800000001
           name : Burebay

======================
location : {
               lat : 43.9669478,
               lng : -66.0070915
           name : Yarmouth
location : {
               lat : 43.8374576,
               lng : -66.11738199999999
           name : Yarmouth

======================
location : {
               lat : -16.0249661,
               lng : -49.801679
           name : Itabera??
location : {
               lat : -16.024951,
               lng : -49.801679
           name : Itabera??

======================
location : {
               lat : 56.9330951,
               lng : 99.38371649999999
           name : Chunsky District
location : {
               lat : 56.3830886,
               lng : 99.02518259999999
           name : Bunbuy

======================
location : {
               lat : -31.90571,
               lng : 20.228479
           name : Middelpos
location : {
               lat : -31.99065999999999,
               lng : 19.73023
           name : Die Bos

======================
location : {
               lat : 35.0843859,
               lng : -106.650422
           name : Albuquerque
location : {
               lat : 35.0100487,
               lng : -106.6780809
           name : South Valley

======================
location : {
               lat : 51.526867,
               lng : -9.5479801
           name : Schull
location : {
               lat : 51.55592439999999,
               lng : -9.262130299999999
           name : Skibbereen

======================
location : {
               lat : 24.9560042,
               lng : 52.3982994
           name : Jazeerat Diyeenah
location : {
               lat : 24.7865025,
               lng : 52.5569763
           name : Jazeerat Arzanah

======================
location : {
               lat : 60.98405500000001,
               lng : 106.711891
           name : Teteya

======================
location : {
               lat : -34.6394376,
               lng : 143.5629137
           name : Balranald
location : {
               lat : -35.0887315,
               lng : 144.0341887
           name : Moulamein

======================
location : {
               lat : -14.7506801,
               lng : 37.3827234
           name : Malema
location : {
               lat : -14.0317122,
               lng : 37.8552103
           name : Nipepe

======================
location : {
               lat : 17.928089,
               lng : 56.145981
           name : Miji
location : {
               lat : 17.8874459,
               lng : 55.6120736
           name : Ash Shuwaymiyyah

======================
location : {
               lat : 54.2369441,
               lng : 44.0683969
           name : Mordovia Republic
location : {
               lat : 54.9342792,
               lng : 43.3252503
           name : Sarov

======================
location : {
               lat : -7.2408683,
               lng : -44.5539857
           name : Uru??u??
location : {
               lat : -7.233739599999999,
               lng : -44.5562123
           name : Uru??u??

======================
location : {
               lat : 29.6265157,
               lng : -81.77870209999999
           name : Putnam County

======================
location : {
               lat : 14.5289154,
               lng : 100.9101421
           name : Saraburi
location : {
               lat : 14.712928,
               lng : 101.4244586
           name : Pak Chong

======================
location : {
               lat : 18.4659943,
               lng : 30.64299909999999
           name : Al Goled
location : {
               lat : 18.4838185,
               lng : 30.7809676
           name : Nawa

======================
location : {
               lat : 37.3569102,
               lng : 39.1543677
           name : ??anl??urfa
location : {
               lat : 37.754104,
               lng : 39.317716
           name : Siverek

======================
location : {
               lat : 47.75961830000001,
               lng : 104.1670714
           name : Dashinchilen
location : {
               lat : 47.3314305,
               lng : 104.4995704
           name : Erdenesant

======================
location : {
               lat : -27.37805,
               lng : 141.938797
           name : Karmona
location : {
               lat : -27.3954216,
               lng : 141.8106835
           name : Durham

======================
location : {
               lat : 35.4675602,
               lng : -97.5164276
           name : Oklahoma City
location : {
               lat : 35.2225668,
               lng : -97.4394777
           name : Norman

======================
location : {
               lat : 64.9532342,
               lng : 41.1766087
           name : Primorsky District
location : {
               lat : 64.54585489999999,
               lng : 40.55057679999999
           name : Arkhangelsk

======================
location : {
               lat : 34.7487947,
               lng : 67.6662231
           name : Bamiyan
location : {
               lat : 34.8100067,
               lng : 67.8212104
           name : Bamyan

======================
location : {
               lat : -16.1851503,
               lng : 32.5372741
           name : Cahora-Bassa
location : {
               lat : -15.7626739,
               lng : 32.3305918
           name : Chinhanda

======================
location : {
               lat : 20.0910963,
               lng : -98.76238739999999
           name : Hidalgo
location : {
               lat : 20.1010608,
               lng : -98.7591311
           name : Pachuca

======================
location : {
               lat : 46.5653163,
               lng : -66.46191639999999
           name : New Brunswick
location : {
               lat : 46.7327713,
               lng : -65.82978629999999
           name : Blackville

======================

location : {
               lat : 64.0124641,
               lng : -145.5187596
           
name : Deltana

location : {
               lat : 64.03878139999999,
               lng : -144.5795064
           
name : Healy Lake

======================
location : {
               lat : -13.3823791,
               lng : 35.3027226
           name : Lichinga
location : {
               lat : -13.3023564,
               lng : 35.2478112
           name : Lichinga

======================
location : {
               lat : 66.552864,
               lng : 61.664223
           name : Fion
location : {
               lat : 66.520793,
               lng : 61.7612446
           name : Abez

======================
location : {
               lat : 15.341806,
               lng : -84.6060449
           name : Gracias a Dios Department
location : {
               lat : 15.1961,
               lng : -84.604637
           name : Wampusirpi

======================
location : {
               lat : 71.705528,
               lng : 83.55672500000001
           name : Vorontsovo

======================
location : {
               lat : -21.052337,
               lng : 29.0459927
           name : Matabeleland South Province
location : {
               lat : -20.9428731,
               lng : 29.0070667
           name : Gwanda

======================
location : {
               lat : 30.7611484,
               lng : -93.33889169999999
           name : Beauregard Parish

======================
location : {
               lat : -4.367799,
               lng : -69.06288099999999
           name : Bos Esperanca
location : {
               lat : -4.172315,
               lng : -68.9870679
           name : Natalis

======================
location : {
               lat : 33.7733487,
               lng : 45.1494505
           name : Diyala Governorate
location : {
               lat : 33.9485698,
               lng : 44.9159938
           name : Miqdadiyah

======================
location : {
               lat : 43.45674210000001,
               lng : 64.171082
           name : Kokayaz
location : {
               lat : 43.44545369999999,
               lng : 64.79336429999999
           name : Taspan

======================
location : {
               lat : 51.9041142,
               lng : 74.9248439
           name : Ekibastuz District
location : {
               lat : 51.725198,
               lng : 75.3150684
           name : Ekibastuz

======================
location : {
               lat : 49.38026800000001,
               lng : -82.40012899999999
           name : Kapuskasing
location : {
               lat : 49.445833,
               lng : -82.54166699999999
           name : Val Rita

======================
location : {
               lat : -33.6278441,
               lng : 117.6904167
           name : Shire of Katanning
location : {
               lat : -33.5412534,
               lng : 118.1466658
           name : Nyabing

======================

======================
location : {
               lat : 48.2973451,
               lng : 4.0744009
           name : Troyes
location : {
               lat : 49.043411,
               lng : 3.956242
           name : ??pernay

======================
location : {
               lat : 32.4045493,
               lng : 43.8673222
           name : Karbala Governorate
location : {
               lat : 32.6027147,
               lng : 44.01969870000001
           name : Karbala

======================
location : {
               lat : 16.3003133,
               lng : 97.69822719999999
           name : Mon State
location : {
               lat : 16.2584167,
               lng : 97.725376
           name : Mudon

======================
location : {
               lat : -42.4801402,
               lng : -73.7624137
           name : Castro
location : {
               lat : -42.6250525,
               lng : -73.77402839999999
           name : Chonchi

======================
location : {
               lat : -24.9366094,
               lng : 25.8048521
           name : South-East District
location : {
               lat : -25.5523446,
               lng : 26.1004894
           name : Zeerust

======================
location : {
               lat : 46.119266,
               lng : 73.6086655
           name : Saryshagan
location : {
               lat : 46.0312053,
               lng : 73.69216779999999
           name : Priozersk

======================
location : {
               lat : -29.97204,
               lng : 139.548904
           name : Mount Fitton
location : {
               lat : -29.6173611,
               lng : 139.1486446
           name : Murnpeowie

======================
location : {
               lat : 51.873889,
               lng : -70.091111
           name : Kaiashashkupat

======================
location : {
               lat : -19.7888874,
               lng : -42.1364522
           name : Caratinga
location : {
               lat : -19.7886652,
               lng : -42.1417003
           name : Caratinga

======================
location : {
               lat : 31.4370603,
               lng : 31.9245556
           name : Damietta Desert
location : {
               lat : 31.4175388,
               lng : 31.81444339999999
           name : Damietta

======================
location : {
               lat : 34.521217,
               lng : 107.400737
           name : Fengxiang County
location : {
               lat : 35.065398,
               lng : 107.621123
           name : Lingtai County

======================
location : {
               lat : 57.62046519999999,
               lng : -7.3307794
           name : Na h-Eileanan an Iar
location : {
               lat : 57.412474,
               lng : -6.196022999999999
           name : Portree

======================
location : {
               lat : 53.8255265,
               lng : -101.2476129
           name : The Pas
location : {
               lat : 53.70456,
               lng : -100.3109319
           name : Moose Lake

======================
location : {
               lat : 56.879635,
               lng : 24.603189
           name : Latvia
location : {
               lat : 56.6511091,
               lng : 23.7213541
           name : Jelgava

======================
location : {
               lat : -16.5638987,
               lng : 36.6093926
           name : Zambezia Province
location : {
               lat : -16.4291224,
               lng : 36.7509735
           name : Lugela

======================
location : {
               lat : 55.45177349999999,
               lng : -60.3533961
           name : Division No. 10
location : {
               lat : 55.457954,
               lng : -60.211485
           name : Hopedale

======================
location : {
               lat : 23.9408482,
               lng : 91.9881527
           name : Tripura
location : {
               lat : 23.831457,
               lng : 91.2867777
           name : Agartala

======================
location : {
               lat : 5.913074099999999,
               lng : -56.8760951
           name : Oostelijke Polders
location : {
               lat : 5.9411628,
               lng : -56.9914585
           name : Nieuw Nickerie

======================
location : {
               lat : 57.62046519999999,
               lng : -7.3307794
           name : Na h-Eileanan an Iar
location : {
               lat : 57.6045975,
               lng : -7.162211699999999
           name : Lochmaddy

======================
location : {
               lat : 58.41666699999998,
               lng : -76.16666699999999
           name : Sitiapiit
location : {
               lat : 58.416667,
               lng : -76.3833329
           name : Ujarallak

======================
location : {
               lat : 18.2047171,
               lng : 33.70706190000001
           name : Berber
location : {
               lat : 17.7014525,
               lng : 34.0084395
           name : Atbara

======================
location : {
               lat : 52.967549,
               lng : -78.94589089999999
           name : Achiwapaschikisit
location : {
               lat : 52.996134,
               lng : -78.934676
           name : Mikwasiskwaw Umitukap Aytakunich

======================
location : {
               lat : 69.44666699999999,
               lng : 43.148611
           name : Antonovskaya

======================
location : {
               lat : 27.2578957,
               lng : 33.8116067
           name : Hurghada
location : {
               lat : 27.402484,
               lng : 33.6511438
           name : El Gouna

======================
location : {
               lat : -0.0365134,
               lng : -78.0651931
           name : Cayambe
location : {
               lat : -0.4644385,
               lng : -77.8896034
           name : Baeza

======================
location : {
               lat : 22.7555945,
               lng : -74.24140919999999
           name : Crooked Island and Long Cay
location : {
               lat : 22.8136492,
               lng : -74.2674502
           name : Moss Town

======================
location : {
               lat : 34.612305,
               lng : 49.8547266
           name : Markazi Province
location : {
               lat : 35.0236107,
               lng : 50.3585065
           name : Saveh

======================
location : {
               lat : 35.6710818,
               lng : -98.92453429999999
           name : Custer County
location : {
               lat : 35.4119944,
               lng : -99.4042592
           name : Elk City

======================
location : {
               lat : 59.3400213,
               lng : 52.2413233
           name : Kirs
location : {
               lat : 59.6171873,
               lng : 52.4731822
           name : Rudnichnyi

======================
location : {
               lat : 19.85627,
               lng : 102.495496
           name : Laos
location : {
               lat : 20.5710354,
               lng : 102.6115749
           name : Nong Khiaw

======================
location : {
               lat : -32.309429,
               lng : 123.715599
           name : Noondoonia
location : {
               lat : -32.4581005,
               lng : 123.8667501
           name : Balladonia

======================
location : {
               lat : 47.7568407,
               lng : -116.6222056
           name : Kootenai County
location : {
               lat : 47.6734632,
               lng : -116.7812225
           name : Coeur d'Alene

======================
location : {
               lat : 32.755613,
               lng : 22.6377432
           name : Derna
location : {
               lat : 32.577648,
               lng : 22.76326
           name : Martuba

======================
location : {
               lat : 53.324515,
               lng : 11.4971273
           name : Ludwigslust-Parchim
location : {
               lat : 53.4250382,
               lng : 11.8478394
           name : Parchim

======================

location : {
               lat : 58.19970819999999,
               lng : 52.7636934
           
name : Glazovsky District

location : {
               lat : 57.9701389,
               lng : 53.004901
           
name : Balezino

======================
location : {
               lat : 65.8039339,
               lng : -68.3523031
           name : Nunavut Land Claims Agreement ??? Pangnirtung Inuit Owned Land
location : {
               lat : 65.260071,
               lng : -67.051338
           name : Opingivik

======================
location : {
               lat : 47.1129654,
               lng : 92.31107519999999
           name : Khovd
location : {
               lat : 46.6920628,
               lng : 92.794601
           name : Ulaantolgoi

======================
location : {
               lat : -11.6242149,
               lng : 29.9740534
           name : Samfya
location : {
               lat : -11.883333,
               lng : 29.783333
           name : Kataba

======================
location : {
               lat : -12.4357175,
               lng : -64.2294138
           name : Costa Marques
location : {
               lat : -12.4360789,
               lng : -64.2287189
           name : FOG??S
location : {
               lat : -13.0486428,
               lng : -64.66586819999999
           name : San Joaquin

======================
location : {
               lat : 43.0097027,
               lng : -85.52002399999999
           name : Kent County
location : {
               lat : 42.732535,
               lng : -84.5555347
           name : Lansing

======================
location : {
               lat : -18.54389,
               lng : 127.329803
           name : Old Lamboo
location : {
               lat : -18.2229402,
               lng : 127.6700702
           name : Halls Creek

======================
location : {
               lat : 33.310527,
               lng : 108.314283
           name : Ningshan County
location : {
               lat : 33.163049,
               lng : 108.951608
           name : Xiangyuancun

======================
location : {
               lat : -23.8058851,
               lng : -62.16885719999999
           name : Matacos Department
location : {
               lat : -23.8905461,
               lng : -61.8503
           name : Ingeniero Ju??rez

======================
location : {
               lat : 44.0607421,
               lng : -75.99276519999999
           name : Jefferson County
location : {
               lat : 44.5895244,
               lng : -75.68428580000001
           name : Brockville

======================
location : {
               lat : 0.8070691,
               lng : 24.4529792
           name : Yangambi
location : {
               lat : 0.7800157999999999,
               lng : 24.2657969
           name : Isangi

======================
location : {
               lat : 32.95549400000001,
               lng : 99.49637799999999
           name : Nilecun
location : {
               lat : 32.969558,
               lng : 99.580842
           name : Tegencun

======================
location : {
               lat : -17.8608511,
               lng : -41.50897399999999
           name : Te??filo Otoni
location : {
               lat : -17.8608479,
               lng : -41.5089708
           name : Te??filo Otoni

======================
location : {
               lat : -32.59048800000001,
               lng : 137.8822604
           name : Port Augusta City Council
location : {
               lat : -32.4935881,
               lng : 137.774485
           name : Port Augusta

======================
location : {
               lat : 8.991737299999999,
               lng : 40.1631879
           name : Awash
location : {
               lat : 8.899487499999999,
               lng : 39.9170354
           name : Metehara

======================
location : {
               lat : 18.9004727,
               lng : -100.7372754
           name : Tiquicheo
location : {
               lat : 19.2066671,
               lng : -100.5753759
           name : Tuzantla

======================
location : {
               lat : 43.4170169,
               lng : 24.6066708
           name : Pleven Province
location : {
               lat : 43.4170423,
               lng : 24.6066847
           name : Pleven

======================
location : {
               lat : -10.7307992,
               lng : -73.7562289
           name : Atalaya Province
location : {
               lat : -10.0290951,
               lng : -73.95214679999999
           name : C.p Area Urbana Tahuania Alto Bolognesi Sector Barrio Bolognesi

======================
location : {
               lat : -25.4195808,
               lng : 151.1403196
           name : North Burnett Regional
location : {
               lat : -25.6242507,
               lng : 151.6082235
           name : Gayndah

======================
location : {
               lat : 38.0625252,
               lng : -100.8903099
           name : Finney County
location : {
               lat : 37.9716898,
               lng : -100.8726618
           name : Garden City

======================
location : {
               lat : 52.2688736,
               lng : 10.5267696
           name : Brunswick
location : {
               lat : 52.1205333,
               lng : 11.6276237
           name : Magdeburg

======================
location : {
               lat : 20.1258919,
               lng : 46.516262
           name : As Sulayyil

======================
location : {
               lat : 20.7838749,
               lng : 121.8383269
           name : Itbayat

======================
location : {
               lat : -3.7327177,
               lng : -38.5269947
           name : Fortaleza
location : {
               lat : -3.7281443,
               lng : -38.6619214
           name : Caucaia

======================
location : {
               lat : 32.066667,
               lng : 56.81666699999999
           name : Dinah Ab
location : {
               lat : 31.9,
               lng : 57.23333299999999
           name : Chehel Pay

======================
location : {
               lat : 35.71524720000001,
               lng : -108.2377519
           name : McKinley County
location : {
               lat : 35.5280783,
               lng : -108.7425843
           name : Gallup

======================
location : {
               lat : 63.4276473,
               lng : 17.7292444
           name : V??sternorrland County
location : {
               lat : 63.4861044,
               lng : 16.4614376
           name : Sollefte?? V

======================

location : {
               lat : -36.8189382,
               lng : -73.05031919999999
           
name : Concepci??n Province

location : {
               lat : -36.8201352,
               lng : -73.0443904
           
name : Concepci??n

======================
location : {
               lat : -31.7678995,
               lng : 26.1359431
           name : Tarkastad
location : {
               lat : -32.0078739,
               lng : 26.2718021
           name : Tarkastad

======================
location : {
               lat : 48.4814433,
               lng : 135.0720667
           name : Khabarovsk
location : {
               lat : 48.47820249999999,
               lng : 135
           name : Kirovskiy Rayon

======================

location : {
               lat : 45.253783,
               lng : -69.44546889999999
           
name : Maine

location : {
               lat : 44.8016128,
               lng : -68.7712257
           
name : Bangor

======================
location : {
               lat : -28.302847,
               lng : 125.8172775
           name : Neale

======================

location : {
               lat : 0.2787808,
               lng : -68.52471489999999
           
name : S??o Gabriel da Cachoeira

location : {
               lat : 0.5556369999999999,
               lng : -68.52915659999999
           
name : Tr??s S??tios

======================
location : {
               lat : -27.7557025,
               lng : 24.8270745
           name : Hartswater
location : {
               lat : -27.7557025,
               lng : 24.8270745
           name : Hartswater

======================
location : {
               lat : 43.166419,
               lng : 124.350398
           name : Siping
location : {
               lat : 42.887766,
               lng : 125.14366
           name : Liaoyuan

======================
location : {
               lat : 42.733883,
               lng : 25.48583
           name : Bulgaria
location : {
               lat : 43.0756739,
               lng : 25.6171514
           name : Veliko Tarnovo

======================
location : {
               lat : 9.2822879,
               lng : 17.4795173
           name : Mandoul Oriental
location : {
               lat : 9.3572656,
               lng : 17.3671431
           name : Goundi

======================
location : {
               lat : 43.4743428,
               lng : -113.9664446
           name : Blaine County
location : {
               lat : 43.6365693,
               lng : -113.3002844
           name : Arco

======================
location : {
               lat : 24.2629574,
               lng : 97.23831779999999
           name : Bhamo
location : {
               lat : 24.745532,
               lng : 97.55788099999999
           name : Jiedaocun

======================
location : {
               lat : 58.71027779999999,
               lng : -158.8899999
           name : Igushik
location : {
               lat : 59.03972219999999,
               lng : -158.4575
           name : Dillingham

======================

======================
location : {
               lat : 17.765578,
               lng : -100.1877058
           name : Otatl??n
location : {
               lat : 17.8769778,
               lng : -100.1886722
           name : San Miguelito

======================
location : {
               lat : 69.4065274,
               lng : 86.17638169999999
           name : Dudinka
location : {
               lat : 69.37983819999999,
               lng : 87.3857033
           name : Alykel'

======================
location : {
               lat : 65.70533500000001,
               lng : -123.5479435
           name : Sahtu Lands
location : {
               lat : 65.1888507,
               lng : -123.4227518
           name : D??line

======================
location : {
               lat : 63.1863359,
               lng : 56.1321553
           name : Mitrofan-Dikost
location : {
               lat : 63.85663999999999,
               lng : 56.950359
           name : Lemtybozh

======================
location : {
               lat : -25.815224,
               lng : 32.4920088
           name : Maputo
location : {
               lat : -25.969248,
               lng : 32.5731746
           name : Maputo

======================
location : {
               lat : 5.218096,
               lng : -72.236379
           name : Yopal
location : {
               lat : 5.348903,
               lng : -72.40052299999999
           name : Yopal

======================
location : {
               lat : 36.993937,
               lng : 91.96706499999999
           name : Galinge
location : {
               lat : 36.792963,
               lng : 91.470854
           name : Bo Kalike

======================
location : {
               lat : -33.8263128,
               lng : 135.186889
           name : Way
location : {
               lat : -33.6485649,
               lng : 134.8892772
           name : Elliston

======================
location : {
               lat : -9.4251854,
               lng : -62.00246749999999
           name : Machadinho d'Oeste
location : {
               lat : -9.425199600000001,
               lng : -62.00246509999999
           name : Machadinho D'Oeste

======================
location : {
               lat : 48.0329979,
               lng : -121.8339472
           name : Snohomish County
location : {
               lat : 47.8626013,
               lng : -121.8165095
           name : Sultan

======================
location : {
               lat : 45.25501,
               lng : 82.49245999999999
           name : Druzhba
location : {
               lat : 45.172227,
               lng : 82.55939599999999
           name : Alashankou

======================
location : {
               lat : -35.9073095,
               lng : 150.0928052
           name : Moruya
location : {
               lat : -35.7819249,
               lng : 150.1428659
           name : Mogo Aboriginal Land Council
location : {
               lat : -35.7162239,
               lng : 150.1794602
           name : Batemans Bay

======================
location : {
               lat : 61.89263500000001,
               lng : -6.911805999999999
           name : Faroe Islands
location : {
               lat : 61.5230662,
               lng : -6.8783115
           name : Famjin

======================

location : {
               lat : 5.29826,
               lng : -75.24790609999999
           
name : Caldas

location : {
               lat : 5.420683899999999,
               lng : -75.705388
           
name : Riosucio

======================

======================

======================

======================

location : {
               lat : 3.901511,
               lng : -58.37596869999999
           
name : Kumaka

location : {
               lat : 4.020709,
               lng : -58.591881
           
name : Apoteri

======================
location : {
               lat : -13.8587677,
               lng : 23.6710502
           name : Chilikita
location : {
               lat : -13.9002903,
               lng : 23.6554286
           name : Mumbeji

======================
location : {
               lat : 50.5474752,
               lng : -107.0825922
           name : Morse No. 165
location : {
               lat : 50.7965432,
               lng : -106.5068436
           name : Central Butte

======================
location : {
               lat : 61.0194444,
               lng : -157.6744444
           name : Nogamut

======================
location : {
               lat : 47.06171399999999,
               lng : 95.9154063
           name : Jargalan
location : {
               lat : 46.9942928,
               lng : 95.19375289999999
           name : Bayan-Uul

======================

location : {
               lat : 54.3186575,
               lng : 48.397776
           
name : Ulyanovsk

location : {
               lat : 54.3530398,
               lng : 48.5619715
           
name : Zavolzhskiy Rayon

======================
location : {
               lat : 40.743213,
               lng : 107.387657
           name : Bayannur
location : {
               lat : 40.751187,
               lng : 107.363918
           name : Linhe District

======================
location : {
               lat : 41.5054724,
               lng : -88.0900762
           name : Will County
location : {
               lat : 41.525031,
               lng : -88.0817251
           name : Joliet

======================
location : {
               lat : -25.8623476,
               lng : 127.6651051
           name : Mantamaru

======================
location : {
               lat : 42.349577,
               lng : 100.380668
           name : Heiliangzi
location : {
               lat : 42.17738399999999,
               lng : 100.414801
           name : Vegetable Field

======================
location : {
               lat : 45.542031,
               lng : -61.8948487
           name : Antigonish County
location : {
               lat : 45.62266049999999,
               lng : -61.9928025
           name : Antigonish

======================
location : {
               lat : 10.9654653,
               lng : 50.4243562
           name : Xamure
location : {
               lat : 11.0536001,
               lng : 50.4450295
           name : Beeli Wacatay

======================
location : {
               lat : 49.9444479,
               lng : 16.2856916
           name : Pardubice Region
location : {
               lat : 50.4345636,
               lng : 16.6613941
           name : Klodzko

======================
location : {
               lat : 60.15,
               lng : 113.933333
           name : Yaroslavsky
location : {
               lat : 60.23041500000001,
               lng : 114.118752
           name : Khamra

======================
location : {
               lat : 29.0630935,
               lng : 15.7938069
           name : Sawknah
location : {
               lat : 29.1287038,
               lng : 15.9655812
           name : ???? ??????????????

======================
location : {
               lat : -18.5711579,
               lng : -67.7615983
           name : Oruro Department
location : {
               lat : -18.7790794,
               lng : -67.50690949999999
           name : Ardamarca

======================
location : {
               lat : 22.9867569,
               lng : 87.85497549999999
           name : West Bengal
location : {
               lat : 22.4256613,
               lng : 87.3198819
           name : Midnapore

======================
location : {
               lat : 44.6036387,
               lng : -108.0941121
           name : Big Horn County
location : {
               lat : 44.7538408,
               lng : -108.7573524
           name : Powell

======================
location : {
               lat : 60.61600780000001,
               lng : -132.640757
           name : Teslin Tlingit Council

======================
location : {
               lat : 6.546425999999999,
               lng : -58.0982046
           name : Demerara-Mahaica
location : {
               lat : 6.0116099,
               lng : -58.3089574
           name : Linden

======================
location : {
               lat : 10.17018,
               lng : -84.56414699999999
           name : San Ram??n
location : {
               lat : 9.9778439,
               lng : -84.82942109999999
           name : Punta Arenas

======================
location : {
               lat : 53.64759669999999,
               lng : -6.6982212
           name : County Meath
location : {
               lat : 53.4239331,
               lng : -7.940689799999999
           name : Athlone

======================

location : {
               lat : 10.4783872,
               lng : 40.7969149
           
name : ????????? ??????

location : {
               lat : 10.1641809,
               lng : 40.6499135
           
name : Gewana

======================
location : {
               lat : 35.1799817,
               lng : 128.1076213
           name : Jinju-si
location : {
               lat : 34.8806427,
               lng : 128.6210824
           name : Geoje-si

